<?xml version="1.0" encoding="UTF-8"?>
<testsuite xmlns:xsi="http://www.w3.org/2001/XMLSchema-instance" xsi:noNamespaceSchemaLocation="https://maven.apache.org/surefire/maven-surefire-plugin/xsd/surefire-test-report.xsd" name="org.selflearning.TestWebInMobile" time="34.258" tests="1" errors="0" skipped="0" failures="1">
  <properties>
    <property name="sun.desktop" value="windows"/>
    <property name="awt.toolkit" value="sun.awt.windows.WToolkit"/>
    <property name="java.specification.version" value="11"/>
    <property name="sun.cpu.isalist" value="amd64"/>
    <property name="sun.jnu.encoding" value="Cp1252"/>
    <property name="java.class.path" value="C:\Users\moham\IdeaProjects\Mobileautomation\target\test-classes;C:\Users\moham\IdeaProjects\Mobileautomation\target\classes;C:\Users\moham\.m2\repository\io\appium\java-client\9.0.0\java-client-9.0.0.jar;C:\Users\moham\.m2\repository\org\seleniumhq\selenium\selenium-api\4.16.1\selenium-api-4.16.1.jar;C:\Users\moham\.m2\repository\org\seleniumhq\selenium\selenium-remote-driver\4.16.1\selenium-remote-driver-4.16.1.jar;C:\Users\moham\.m2\repository\io\opentelemetry\opentelemetry-api\1.28.0\opentelemetry-api-1.28.0.jar;C:\Users\moham\.m2\repository\io\opentelemetry\opentelemetry-context\1.28.0\opentelemetry-context-1.28.0.jar;C:\Users\moham\.m2\repository\io\opentelemetry\opentelemetry-exporter-logging\1.28.0\opentelemetry-exporter-logging-1.28.0.jar;C:\Users\moham\.m2\repository\io\opentelemetry\opentelemetry-sdk-metrics\1.28.0\opentelemetry-sdk-metrics-1.28.0.jar;C:\Users\moham\.m2\repository\io\opentelemetry\opentelemetry-extension-incubator\1.28.0-alpha\opentelemetry-extension-incubator-1.28.0-alpha.jar;C:\Users\moham\.m2\repository\io\opentelemetry\opentelemetry-sdk-logs\1.28.0\opentelemetry-sdk-logs-1.28.0.jar;C:\Users\moham\.m2\repository\io\opentelemetry\opentelemetry-sdk-common\1.28.0\opentelemetry-sdk-common-1.28.0.jar;C:\Users\moham\.m2\repository\io\opentelemetry\opentelemetry-sdk-extension-autoconfigure-spi\1.28.0\opentelemetry-sdk-extension-autoconfigure-spi-1.28.0.jar;C:\Users\moham\.m2\repository\io\opentelemetry\opentelemetry-sdk-extension-autoconfigure\1.28.0\opentelemetry-sdk-extension-autoconfigure-1.28.0.jar;C:\Users\moham\.m2\repository\io\opentelemetry\opentelemetry-api-events\1.28.0-alpha\opentelemetry-api-events-1.28.0-alpha.jar;C:\Users\moham\.m2\repository\io\opentelemetry\opentelemetry-sdk-trace\1.28.0\opentelemetry-sdk-trace-1.28.0.jar;C:\Users\moham\.m2\repository\io\opentelemetry\opentelemetry-sdk\1.28.0\opentelemetry-sdk-1.28.0.jar;C:\Users\moham\.m2\repository\io\opentelemetry\opentelemetry-semconv\1.28.0-alpha\opentelemetry-semconv-1.28.0-alpha.jar;C:\Users\moham\.m2\repository\org\seleniumhq\selenium\selenium-http\4.16.1\selenium-http-4.16.1.jar;C:\Users\moham\.m2\repository\dev\failsafe\failsafe\3.3.2\failsafe-3.3.2.jar;C:\Users\moham\.m2\repository\org\seleniumhq\selenium\selenium-manager\4.16.1\selenium-manager-4.16.1.jar;C:\Users\moham\.m2\repository\org\seleniumhq\selenium\selenium-os\4.16.1\selenium-os-4.16.1.jar;C:\Users\moham\.m2\repository\org\apache\commons\commons-exec\1.3\commons-exec-1.3.jar;C:\Users\moham\.m2\repository\com\google\code\gson\gson\2.10.1\gson-2.10.1.jar;C:\Users\moham\.m2\repository\org\slf4j\slf4j-api\2.0.9\slf4j-api-2.0.9.jar;C:\Users\moham\.m2\repository\org\testng\testng\6.14.3\testng-6.14.3.jar;C:\Users\moham\.m2\repository\com\beust\jcommander\1.72\jcommander-1.72.jar;C:\Users\moham\.m2\repository\org\apache-extras\beanshell\bsh\2.0b6\bsh-2.0b6.jar;C:\Users\moham\.m2\repository\io\cucumber\cucumber-jvm-deps\1.0.6\cucumber-jvm-deps-1.0.6.jar;C:\Users\moham\.m2\repository\io\cucumber\cucumber-testng\7.3.4\cucumber-testng-7.3.4.jar;C:\Users\moham\.m2\repository\org\apiguardian\apiguardian-api\1.1.2\apiguardian-api-1.1.2.jar;C:\Users\moham\.m2\repository\io\cucumber\cucumber-core\7.3.4\cucumber-core-7.3.4.jar;C:\Users\moham\.m2\repository\io\cucumber\cucumber-gherkin\7.3.4\cucumber-gherkin-7.3.4.jar;C:\Users\moham\.m2\repository\io\cucumber\cucumber-gherkin-messages\7.3.4\cucumber-gherkin-messages-7.3.4.jar;C:\Users\moham\.m2\repository\io\cucumber\gherkin\23.0.1\gherkin-23.0.1.jar;C:\Users\moham\.m2\repository\io\cucumber\messages\18.0.0\messages-18.0.0.jar;C:\Users\moham\.m2\repository\io\cucumber\tag-expressions\4.1.0\tag-expressions-4.1.0.jar;C:\Users\moham\.m2\repository\io\cucumber\cucumber-expressions\15.1.1\cucumber-expressions-15.1.1.jar;C:\Users\moham\.m2\repository\io\cucumber\datatable\7.3.4\datatable-7.3.4.jar;C:\Users\moham\.m2\repository\io\cucumber\cucumber-plugin\7.3.4\cucumber-plugin-7.3.4.jar;C:\Users\moham\.m2\repository\io\cucumber\docstring\7.3.4\docstring-7.3.4.jar;C:\Users\moham\.m2\repository\io\cucumber\html-formatter\19.1.0\html-formatter-19.1.0.jar;C:\Users\moham\.m2\repository\io\cucumber\ci-environment\9.0.4\ci-environment-9.0.4.jar;C:\Users\moham\.m2\repository\io\cucumber\cucumber-java\7.15.0\cucumber-java-7.15.0.jar;C:\Users\moham\.m2\repository\org\seleniumhq\selenium\selenium-support\4.15.0\selenium-support-4.15.0.jar;C:\Users\moham\.m2\repository\com\google\auto\service\auto-service-annotations\1.1.1\auto-service-annotations-1.1.1.jar;C:\Users\moham\.m2\repository\com\google\guava\guava\32.1.2-jre\guava-32.1.2-jre.jar;C:\Users\moham\.m2\repository\com\google\guava\failureaccess\1.0.1\failureaccess-1.0.1.jar;C:\Users\moham\.m2\repository\com\google\guava\listenablefuture\9999.0-empty-to-avoid-conflict-with-guava\listenablefuture-9999.0-empty-to-avoid-conflict-with-guava.jar;C:\Users\moham\.m2\repository\com\google\code\findbugs\jsr305\3.0.2\jsr305-3.0.2.jar;C:\Users\moham\.m2\repository\org\checkerframework\checker-qual\3.33.0\checker-qual-3.33.0.jar;C:\Users\moham\.m2\repository\com\google\errorprone\error_prone_annotations\2.18.0\error_prone_annotations-2.18.0.jar;C:\Users\moham\.m2\repository\com\google\j2objc\j2objc-annotations\2.8\j2objc-annotations-2.8.jar;C:\Users\moham\.m2\repository\net\bytebuddy\byte-buddy\1.14.5\byte-buddy-1.14.5.jar;C:\Users\moham\.m2\repository\org\seleniumhq\selenium\selenium-json\4.15.0\selenium-json-4.15.0.jar;C:\Users\moham\.m2\repository\org\seleniumhq\selenium\selenium-java\4.15.0\selenium-java-4.15.0.jar;C:\Users\moham\.m2\repository\org\seleniumhq\selenium\selenium-chrome-driver\4.15.0\selenium-chrome-driver-4.15.0.jar;C:\Users\moham\.m2\repository\org\seleniumhq\selenium\selenium-chromium-driver\4.15.0\selenium-chromium-driver-4.15.0.jar;C:\Users\moham\.m2\repository\org\seleniumhq\selenium\selenium-devtools-v117\4.15.0\selenium-devtools-v117-4.15.0.jar;C:\Users\moham\.m2\repository\org\seleniumhq\selenium\selenium-devtools-v118\4.15.0\selenium-devtools-v118-4.15.0.jar;C:\Users\moham\.m2\repository\org\seleniumhq\selenium\selenium-devtools-v119\4.15.0\selenium-devtools-v119-4.15.0.jar;C:\Users\moham\.m2\repository\org\seleniumhq\selenium\selenium-devtools-v85\4.15.0\selenium-devtools-v85-4.15.0.jar;C:\Users\moham\.m2\repository\org\seleniumhq\selenium\selenium-edge-driver\4.15.0\selenium-edge-driver-4.15.0.jar;C:\Users\moham\.m2\repository\org\seleniumhq\selenium\selenium-firefox-driver\4.15.0\selenium-firefox-driver-4.15.0.jar;C:\Users\moham\.m2\repository\org\seleniumhq\selenium\selenium-ie-driver\4.15.0\selenium-ie-driver-4.15.0.jar;C:\Users\moham\.m2\repository\org\seleniumhq\selenium\selenium-safari-driver\4.15.0\selenium-safari-driver-4.15.0.jar;"/>
    <property name="java.vm.vendor" value="Oracle Corporation"/>
    <property name="sun.arch.data.model" value="64"/>
    <property name="user.variant" value=""/>
    <property name="java.vendor.url" value="https://openjdk.java.net/"/>
    <property name="user.timezone" value="America/Chicago"/>
    <property name="java.vm.specification.version" value="11"/>
    <property name="os.name" value="Windows 11"/>
    <property name="sun.java.launcher" value="SUN_STANDARD"/>
    <property name="user.country" value="US"/>
    <property name="sun.boot.library.path" value="C:\Program Files\Java\jdk-11.0.16\bin"/>
    <property name="sun.java.command" value="C:\Users\moham\AppData\Local\Temp\surefire10311325493426034845\surefirebooter13115977277485414659.jar C:\Users\moham\AppData\Local\Temp\surefire10311325493426034845 2023-12-23T15-05-18_729-jvmRun1 surefire3754426636914649164tmp surefire_011992834408255136161tmp"/>
    <property name="jdk.debug" value="release"/>
    <property name="surefire.test.class.path" value="C:\Users\moham\IdeaProjects\Mobileautomation\target\test-classes;C:\Users\moham\IdeaProjects\Mobileautomation\target\classes;C:\Users\moham\.m2\repository\io\appium\java-client\9.0.0\java-client-9.0.0.jar;C:\Users\moham\.m2\repository\org\seleniumhq\selenium\selenium-api\4.16.1\selenium-api-4.16.1.jar;C:\Users\moham\.m2\repository\org\seleniumhq\selenium\selenium-remote-driver\4.16.1\selenium-remote-driver-4.16.1.jar;C:\Users\moham\.m2\repository\io\opentelemetry\opentelemetry-api\1.28.0\opentelemetry-api-1.28.0.jar;C:\Users\moham\.m2\repository\io\opentelemetry\opentelemetry-context\1.28.0\opentelemetry-context-1.28.0.jar;C:\Users\moham\.m2\repository\io\opentelemetry\opentelemetry-exporter-logging\1.28.0\opentelemetry-exporter-logging-1.28.0.jar;C:\Users\moham\.m2\repository\io\opentelemetry\opentelemetry-sdk-metrics\1.28.0\opentelemetry-sdk-metrics-1.28.0.jar;C:\Users\moham\.m2\repository\io\opentelemetry\opentelemetry-extension-incubator\1.28.0-alpha\opentelemetry-extension-incubator-1.28.0-alpha.jar;C:\Users\moham\.m2\repository\io\opentelemetry\opentelemetry-sdk-logs\1.28.0\opentelemetry-sdk-logs-1.28.0.jar;C:\Users\moham\.m2\repository\io\opentelemetry\opentelemetry-sdk-common\1.28.0\opentelemetry-sdk-common-1.28.0.jar;C:\Users\moham\.m2\repository\io\opentelemetry\opentelemetry-sdk-extension-autoconfigure-spi\1.28.0\opentelemetry-sdk-extension-autoconfigure-spi-1.28.0.jar;C:\Users\moham\.m2\repository\io\opentelemetry\opentelemetry-sdk-extension-autoconfigure\1.28.0\opentelemetry-sdk-extension-autoconfigure-1.28.0.jar;C:\Users\moham\.m2\repository\io\opentelemetry\opentelemetry-api-events\1.28.0-alpha\opentelemetry-api-events-1.28.0-alpha.jar;C:\Users\moham\.m2\repository\io\opentelemetry\opentelemetry-sdk-trace\1.28.0\opentelemetry-sdk-trace-1.28.0.jar;C:\Users\moham\.m2\repository\io\opentelemetry\opentelemetry-sdk\1.28.0\opentelemetry-sdk-1.28.0.jar;C:\Users\moham\.m2\repository\io\opentelemetry\opentelemetry-semconv\1.28.0-alpha\opentelemetry-semconv-1.28.0-alpha.jar;C:\Users\moham\.m2\repository\org\seleniumhq\selenium\selenium-http\4.16.1\selenium-http-4.16.1.jar;C:\Users\moham\.m2\repository\dev\failsafe\failsafe\3.3.2\failsafe-3.3.2.jar;C:\Users\moham\.m2\repository\org\seleniumhq\selenium\selenium-manager\4.16.1\selenium-manager-4.16.1.jar;C:\Users\moham\.m2\repository\org\seleniumhq\selenium\selenium-os\4.16.1\selenium-os-4.16.1.jar;C:\Users\moham\.m2\repository\org\apache\commons\commons-exec\1.3\commons-exec-1.3.jar;C:\Users\moham\.m2\repository\com\google\code\gson\gson\2.10.1\gson-2.10.1.jar;C:\Users\moham\.m2\repository\org\slf4j\slf4j-api\2.0.9\slf4j-api-2.0.9.jar;C:\Users\moham\.m2\repository\org\testng\testng\6.14.3\testng-6.14.3.jar;C:\Users\moham\.m2\repository\com\beust\jcommander\1.72\jcommander-1.72.jar;C:\Users\moham\.m2\repository\org\apache-extras\beanshell\bsh\2.0b6\bsh-2.0b6.jar;C:\Users\moham\.m2\repository\io\cucumber\cucumber-jvm-deps\1.0.6\cucumber-jvm-deps-1.0.6.jar;C:\Users\moham\.m2\repository\io\cucumber\cucumber-testng\7.3.4\cucumber-testng-7.3.4.jar;C:\Users\moham\.m2\repository\org\apiguardian\apiguardian-api\1.1.2\apiguardian-api-1.1.2.jar;C:\Users\moham\.m2\repository\io\cucumber\cucumber-core\7.3.4\cucumber-core-7.3.4.jar;C:\Users\moham\.m2\repository\io\cucumber\cucumber-gherkin\7.3.4\cucumber-gherkin-7.3.4.jar;C:\Users\moham\.m2\repository\io\cucumber\cucumber-gherkin-messages\7.3.4\cucumber-gherkin-messages-7.3.4.jar;C:\Users\moham\.m2\repository\io\cucumber\gherkin\23.0.1\gherkin-23.0.1.jar;C:\Users\moham\.m2\repository\io\cucumber\messages\18.0.0\messages-18.0.0.jar;C:\Users\moham\.m2\repository\io\cucumber\tag-expressions\4.1.0\tag-expressions-4.1.0.jar;C:\Users\moham\.m2\repository\io\cucumber\cucumber-expressions\15.1.1\cucumber-expressions-15.1.1.jar;C:\Users\moham\.m2\repository\io\cucumber\datatable\7.3.4\datatable-7.3.4.jar;C:\Users\moham\.m2\repository\io\cucumber\cucumber-plugin\7.3.4\cucumber-plugin-7.3.4.jar;C:\Users\moham\.m2\repository\io\cucumber\docstring\7.3.4\docstring-7.3.4.jar;C:\Users\moham\.m2\repository\io\cucumber\html-formatter\19.1.0\html-formatter-19.1.0.jar;C:\Users\moham\.m2\repository\io\cucumber\ci-environment\9.0.4\ci-environment-9.0.4.jar;C:\Users\moham\.m2\repository\io\cucumber\cucumber-java\7.15.0\cucumber-java-7.15.0.jar;C:\Users\moham\.m2\repository\org\seleniumhq\selenium\selenium-support\4.15.0\selenium-support-4.15.0.jar;C:\Users\moham\.m2\repository\com\google\auto\service\auto-service-annotations\1.1.1\auto-service-annotations-1.1.1.jar;C:\Users\moham\.m2\repository\com\google\guava\guava\32.1.2-jre\guava-32.1.2-jre.jar;C:\Users\moham\.m2\repository\com\google\guava\failureaccess\1.0.1\failureaccess-1.0.1.jar;C:\Users\moham\.m2\repository\com\google\guava\listenablefuture\9999.0-empty-to-avoid-conflict-with-guava\listenablefuture-9999.0-empty-to-avoid-conflict-with-guava.jar;C:\Users\moham\.m2\repository\com\google\code\findbugs\jsr305\3.0.2\jsr305-3.0.2.jar;C:\Users\moham\.m2\repository\org\checkerframework\checker-qual\3.33.0\checker-qual-3.33.0.jar;C:\Users\moham\.m2\repository\com\google\errorprone\error_prone_annotations\2.18.0\error_prone_annotations-2.18.0.jar;C:\Users\moham\.m2\repository\com\google\j2objc\j2objc-annotations\2.8\j2objc-annotations-2.8.jar;C:\Users\moham\.m2\repository\net\bytebuddy\byte-buddy\1.14.5\byte-buddy-1.14.5.jar;C:\Users\moham\.m2\repository\org\seleniumhq\selenium\selenium-json\4.15.0\selenium-json-4.15.0.jar;C:\Users\moham\.m2\repository\org\seleniumhq\selenium\selenium-java\4.15.0\selenium-java-4.15.0.jar;C:\Users\moham\.m2\repository\org\seleniumhq\selenium\selenium-chrome-driver\4.15.0\selenium-chrome-driver-4.15.0.jar;C:\Users\moham\.m2\repository\org\seleniumhq\selenium\selenium-chromium-driver\4.15.0\selenium-chromium-driver-4.15.0.jar;C:\Users\moham\.m2\repository\org\seleniumhq\selenium\selenium-devtools-v117\4.15.0\selenium-devtools-v117-4.15.0.jar;C:\Users\moham\.m2\repository\org\seleniumhq\selenium\selenium-devtools-v118\4.15.0\selenium-devtools-v118-4.15.0.jar;C:\Users\moham\.m2\repository\org\seleniumhq\selenium\selenium-devtools-v119\4.15.0\selenium-devtools-v119-4.15.0.jar;C:\Users\moham\.m2\repository\org\seleniumhq\selenium\selenium-devtools-v85\4.15.0\selenium-devtools-v85-4.15.0.jar;C:\Users\moham\.m2\repository\org\seleniumhq\selenium\selenium-edge-driver\4.15.0\selenium-edge-driver-4.15.0.jar;C:\Users\moham\.m2\repository\org\seleniumhq\selenium\selenium-firefox-driver\4.15.0\selenium-firefox-driver-4.15.0.jar;C:\Users\moham\.m2\repository\org\seleniumhq\selenium\selenium-ie-driver\4.15.0\selenium-ie-driver-4.15.0.jar;C:\Users\moham\.m2\repository\org\seleniumhq\selenium\selenium-safari-driver\4.15.0\selenium-safari-driver-4.15.0.jar;"/>
    <property name="sun.cpu.endian" value="little"/>
    <property name="user.home" value="C:\Users\moham"/>
    <property name="user.language" value="en"/>
    <property name="java.specification.vendor" value="Oracle Corporation"/>
    <property name="java.version.date" value="2022-07-19"/>
    <property name="java.home" value="C:\Program Files\Java\jdk-11.0.16"/>
    <property name="file.separator" value="\"/>
    <property name="basedir" value="C:\Users\moham\IdeaProjects\Mobileautomation"/>
    <property name="java.vm.compressedOopsMode" value="32-bit"/>
    <property name="line.separator" value="&#10;"/>
    <property name="java.specification.name" value="Java Platform API Specification"/>
    <property name="java.vm.specification.vendor" value="Oracle Corporation"/>
    <property name="java.awt.graphicsenv" value="sun.awt.Win32GraphicsEnvironment"/>
    <property name="surefire.real.class.path" value="C:\Users\moham\AppData\Local\Temp\surefire10311325493426034845\surefirebooter13115977277485414659.jar"/>
    <property name="user.script" value=""/>
    <property name="sun.management.compiler" value="HotSpot 64-Bit Tiered Compilers"/>
    <property name="java.runtime.version" value="11.0.16+11-LTS-199"/>
    <property name="user.name" value="MohammadAsif"/>
    <property name="path.separator" value=";"/>
    <property name="os.version" value="10.0"/>
    <property name="java.runtime.name" value="Java(TM) SE Runtime Environment"/>
    <property name="file.encoding" value="Cp1252"/>
    <property name="java.vm.name" value="Java HotSpot(TM) 64-Bit Server VM"/>
    <property name="java.vendor.version" value="18.9"/>
    <property name="localRepository" value="C:\Users\moham\.m2\repository"/>
    <property name="java.vendor.url.bug" value="https://bugreport.java.com/bugreport/"/>
    <property name="java.io.tmpdir" value="C:\Users\moham\AppData\Local\Temp\"/>
    <property name="java.version" value="11.0.16"/>
    <property name="user.dir" value="C:\Users\moham\IdeaProjects\Mobileautomation"/>
    <property name="os.arch" value="amd64"/>
    <property name="java.vm.specification.name" value="Java Virtual Machine Specification"/>
    <property name="java.awt.printerjob" value="sun.awt.windows.WPrinterJob"/>
    <property name="sun.os.patch.level" value=""/>
    <property name="java.library.path" value="C:\Program Files\Java\jdk-11.0.16\bin;C:\WINDOWS\Sun\Java\bin;C:\WINDOWS\system32;C:\WINDOWS;C:\Program Files\Common Files\Oracle\Java\javapath;C:\Program Files (x86)\Common Files\Oracle\Java\javapath;C:\Program Files\MongoDB\Server\4.4\bin;C:\WINDOWS\system32;C:\WINDOWS;C:\WINDOWS\System32\Wbem;C:\WINDOWS\System32\WindowsPowerShell\v1.0\;C:\WINDOWS\System32\OpenSSH\;C:\Program Files\Java\jdk-16.0.1\bin;C:\Users\moham\AppData\Local\Programs\Python\Python39\Scripts;C:\apache-maven-3.8.1\bin;C:\Program Files\Java\jdk-11.0.16\bin;C:\Gradle\gradle-7.4.1\bin;C:\Program Files\PostgreSQL\13\bin;C:\Program Files\Git\cmd;C:\Program Files\Notepad++;C:\Program Files (x86)\Perforce\;C:\Program Files\JetBrains\IntelliJ IDEA Community Edition 2021.1.2\bin;C:\Users\moham\AppData\Local\Android\Sdk;C:\Users\moham\AppData\Local\Android\Sdk\tools;C:\Users\moham\AppData\Local\Android\Sdk\tools\bin;C:\Program Files\nodejs;C:\Users\moham\AppData\Local\Android\Sdk\platform-tools;C:\Users\moham\scoop\shims;&quot;C:\Program Files\JetBrains\PyCharm Community Edition 2020.2\bin;&quot;;C:\Program Files\MongoDB\Server\4.4\bin;C:\Users\moham\AppData\Local\Programs\Microsoft VS Code\bin;C:\ProgramData\Microsoft\Windows\Start Menu\Programs\Git\cmd;C:\Users\moham\AppData\Local\Microsoft\WindowsApps;C:\Users\moham\AppData\Local\Programs\Python\Python39\Scripts;C:\Program Files\JetBrains\IntelliJ IDEA Community Edition 2021.1.2\bin;;C:\apache-maven-3.8.1-bin\apache-maven-3.8.1\bin;C:\kafka_2.13-3.1.1\bin\windows;C:\Program Files\Notepad++;C:\Program Files\JetBrains\IntelliJ IDEA Community Edition 2021.1.2\bin;C:\Users\moham\AppData\Roaming\npm;C:\Program Files\nodejs;C:\Users\moham\AppData\Local\Android\Sdk\tools;;."/>
    <property name="java.vendor" value="Oracle Corporation"/>
    <property name="java.vm.info" value="mixed mode"/>
    <property name="java.vm.version" value="11.0.16+11-LTS-199"/>
    <property name="sun.io.unicode.encoding" value="UnicodeLittle"/>
    <property name="java.class.version" value="55.0"/>
  </properties>
  <testcase name="signInToSWY" classname="org.selflearning.TestWebInMobile" time="0">
    <failure type="java.lang.NullPointerException">java.lang.NullPointerException
	at org.selflearning.TestWebInMobile.signInToSWY(TestWebInMobile.java:23)
</failure>
    <system-out><![CDATA[&amp#27;[35m[Appium]&amp#27;[39m Welcome to Appium v2.2.2 (REV 8efa439078fda6579d7fbcfb793f0c757d968427)
&amp#27;[35m[Appium]&amp#27;[39m Non-default server args:
&amp#27;[35m[Appium]&amp#27;[39m { address: &amp#27;[32m'127.0.0.1'&amp#27;[39m }
&amp#27;[35m[Appium]&amp#27;[39m Attempting to load driver uiautomator2...
&amp#27;[35m[Appium]&amp#27;[39m Requiring driver at C:\Users\moham\.appium\node_modules\appium-uiautomator2-driver
&amp#27;[35m[Appium]&amp#27;[39m Appium REST http interface listener started on http://127.0.0.1:4723
&amp#27;[35m[Appium]&amp#27;[39m Available drivers:
&amp#27;[35m[Appium]&amp#27;[39m   - uiautomator2@2.34.1 (automationName 'UiAutomator2')
&amp#27;[35m[Appium]&amp#27;[39m No plugins have been installed. Use the "appium plugin" command to install the one(s) you want to use.
&amp#27;[38;5;0m[HTTP]&amp#27;[0m &amp#27;[37m-->&amp#27;[39m &amp#27;[37mGET&amp#27;[39m &amp#27;[37m/status&amp#27;[39m
&amp#27;[38;5;0m[HTTP]&amp#27;[0m &amp#27;[90m{}&amp#27;[39m
&amp#27;[38;5;16m[AppiumDriver@4526]&amp#27;[0m Calling AppiumDriver.getStatus() with args: []
&amp#27;[38;5;16m[AppiumDriver@4526]&amp#27;[0m Responding to client with driver.getStatus() result: {"ready":true,"message":"The server is ready to accept new connections","build":{"version":"2.2.2","git-sha":"8efa439078fda6579d7fbcfb793f0c757d968427","built":"2021-04-12 11:19:35 -0500"}}
&amp#27;[38;5;0m[HTTP]&amp#27;[0m &amp#27;[37m<-- GET /status &amp#27;[39m&amp#27;[32m200&amp#27;[39m &amp#27;[90m9 ms - 199&amp#27;[39m
&amp#27;[38;5;0m[HTTP]&amp#27;[0m &amp#27;[90m&amp#27;[39m
&amp#27;[38;5;0m[HTTP]&amp#27;[0m Request idempotency key: 8f79fdb0-73fa-4cfc-902d-ebc81e06acfc
&amp#27;[38;5;0m[HTTP]&amp#27;[0m &amp#27;[37m-->&amp#27;[39m &amp#27;[37mPOST&amp#27;[39m &amp#27;[37m/session&amp#27;[39m
&amp#27;[38;5;0m[HTTP]&amp#27;[0m &amp#27;[90m{"capabilities":{"firstMatch":[{}],"alwaysMatch":{"appium:automationName":"UIAutomator2","appium:chromedriverExecutable":"C:\\WebDrivers\\chromedriver_win32\\chromedriver.exe","appium:deviceName":"Pixel2API29","appium:mode":"--incognito","browserName":"Chrome","platformName":"ANDROID"}}}&amp#27;[39m
&amp#27;[38;5;16m[AppiumDriver@4526]&amp#27;[0m Calling AppiumDriver.createSession() with args: [null,null,{"firstMatch":[{}],"alwaysMatch":{"appium:automationName":"UIAutomator2","appium:chromedriverExecutable":"C:\\WebDrivers\\chromedriver_win32\\chromedriver.exe","appium:deviceName":"Pixel2API29","appium:mode":"--incognito","browserName":"Chrome","platformName":"ANDROID"}}]
&amp#27;[38;5;16m[AppiumDriver@4526]&amp#27;[0m Event 'newSessionRequested' logged at 1703365532394 (15:05:32 GMT-0600 (Central Standard Time))
&amp#27;[35m[Appium]&amp#27;[39m Attempting to find matching driver for automationName 'UIAutomator2' and platformName 'ANDROID'
&amp#27;[35m[Appium]&amp#27;[39m The 'uiautomator2' driver was installed and matched caps.
&amp#27;[35m[Appium]&amp#27;[39m Will require it at C:\Users\moham\.appium\node_modules\appium-uiautomator2-driver
&amp#27;[35m[Appium]&amp#27;[39m Requiring driver at C:\Users\moham\.appium\node_modules\appium-uiautomator2-driver
&amp#27;[38;5;16m[AppiumDriver@4526]&amp#27;[0m Appium v2.2.2 creating new AndroidUiautomator2Driver (v2.34.1) session
&amp#27;[38;5;16m[AppiumDriver@4526]&amp#27;[0m Checking BaseDriver versions for Appium and AndroidUiautomator2Driver
&amp#27;[38;5;16m[AppiumDriver@4526]&amp#27;[0m Appium's BaseDriver version is 9.4.2
&amp#27;[38;5;16m[AppiumDriver@4526]&amp#27;[0m AndroidUiautomator2Driver's BaseDriver version is 9.4.2
&amp#27;[38;5;32m[AndroidUiautomator2Driver@ec9c]&amp#27;[0m Creating session with W3C capabilities: {
&amp#27;[38;5;32m[AndroidUiautomator2Driver@ec9c]&amp#27;[0m   "alwaysMatch": {
&amp#27;[38;5;32m[AndroidUiautomator2Driver@ec9c]&amp#27;[0m     "browserName": "Chrome",
&amp#27;[38;5;32m[AndroidUiautomator2Driver@ec9c]&amp#27;[0m     "platformName": "ANDROID",
&amp#27;[38;5;32m[AndroidUiautomator2Driver@ec9c]&amp#27;[0m     "appium:automationName": "UIAutomator2",
&amp#27;[38;5;32m[AndroidUiautomator2Driver@ec9c]&amp#27;[0m     "appium:chromedriverExecutable": "C:\\WebDrivers\\chromedriver_win32\\chromedriver.exe",
&amp#27;[38;5;32m[AndroidUiautomator2Driver@ec9c]&amp#27;[0m     "appium:deviceName": "Pixel2API29",
&amp#27;[38;5;32m[AndroidUiautomator2Driver@ec9c]&amp#27;[0m     "appium:mode": "--incognito"
&amp#27;[38;5;32m[AndroidUiautomator2Driver@ec9c]&amp#27;[0m   },
&amp#27;[38;5;32m[AndroidUiautomator2Driver@ec9c]&amp#27;[0m   "firstMatch": [
&amp#27;[38;5;32m[AndroidUiautomator2Driver@ec9c]&amp#27;[0m     {}
&amp#27;[38;5;32m[AndroidUiautomator2Driver@ec9c]&amp#27;[0m   ]
&amp#27;[38;5;32m[AndroidUiautomator2Driver@ec9c]&amp#27;[0m }
&amp#27;[38;5;32m[AndroidUiautomator2Driver@ec9c]&amp#27;[0m The following provided capabilities were not recognized by this driver:
&amp#27;[38;5;32m[AndroidUiautomator2Driver@ec9c]&amp#27;[0m   mode
&amp#27;[38;5;32m[AndroidUiautomator2Driver@ec9c (9ebb5428)]&amp#27;[0m Session created with session id: 9ebb5428-0149-45d5-a0d0-90557c2a65c9
&amp#27;[38;5;32m[AndroidUiautomator2Driver@ec9c (9ebb5428)]&amp#27;[0m We're going to run a Chrome-based session
&amp#27;[38;5;32m[AndroidUiautomator2Driver@ec9c (9ebb5428)]&amp#27;[0m Chrome-type package and activity are com.android.chrome and com.google.android.apps.chrome.Main
&amp#27;[38;5;32m[AndroidUiautomator2Driver@ec9c (9ebb5428)]&amp#27;[0m Starting 'com.android.chrome' directly on the device
&amp#27;[38;5;48m[ADB]&amp#27;[0m Found 1 'build-tools' folders under 'C:\Users\moham\AppData\Local\Android\Sdk' (newest first):
&amp#27;[38;5;48m[ADB]&amp#27;[0m     C:\Users\moham\AppData\Local\Android\Sdk\build-tools\33.0.1
&amp#27;[38;5;48m[ADB]&amp#27;[0m Using 'adb.exe' from 'C:\Users\moham\AppData\Local\Android\Sdk\platform-tools\adb.exe'
&amp#27;[38;5;48m[ADB]&amp#27;[0m Running 'C:\Users\moham\AppData\Local\Android\Sdk\platform-tools\adb.exe -P 5037 start-server'
&amp#27;[38;5;64m[AndroidDriver]&amp#27;[0m Retrieving device list
&amp#27;[38;5;48m[ADB]&amp#27;[0m Trying to find connected Android devices
&amp#27;[38;5;48m[ADB]&amp#27;[0m Getting connected devices
&amp#27;[38;5;48m[ADB]&amp#27;[0m No connected devices have been detected
&amp#27;[38;5;48m[ADB]&amp#27;[0m Could not find online devices
&amp#27;[38;5;48m[ADB]&amp#27;[0m Reconnecting adb (target offline)
&amp#27;[38;5;48m[ADB]&amp#27;[0m Running 'C:\Users\moham\AppData\Local\Android\Sdk\platform-tools\adb.exe -P 5037 reconnect offline'
&amp#27;[38;5;48m[ADB]&amp#27;[0m Getting connected devices
&amp#27;[38;5;48m[ADB]&amp#27;[0m No connected devices have been detected
&amp#27;[38;5;48m[ADB]&amp#27;[0m Could not find online devices
&amp#27;[38;5;48m[ADB]&amp#27;[0m Reconnecting adb (target offline)
&amp#27;[38;5;48m[ADB]&amp#27;[0m Running 'C:\Users\moham\AppData\Local\Android\Sdk\platform-tools\adb.exe -P 5037 reconnect offline'
&amp#27;[38;5;48m[ADB]&amp#27;[0m Getting connected devices
&amp#27;[38;5;48m[ADB]&amp#27;[0m No connected devices have been detected
&amp#27;[38;5;48m[ADB]&amp#27;[0m Could not find online devices
&amp#27;[38;5;48m[ADB]&amp#27;[0m Reconnecting adb (target offline)
&amp#27;[38;5;48m[ADB]&amp#27;[0m Running 'C:\Users\moham\AppData\Local\Android\Sdk\platform-tools\adb.exe -P 5037 reconnect offline'
&amp#27;[38;5;48m[ADB]&amp#27;[0m Getting connected devices
&amp#27;[38;5;48m[ADB]&amp#27;[0m No connected devices have been detected
&amp#27;[38;5;48m[ADB]&amp#27;[0m Could not find online devices
&amp#27;[38;5;48m[ADB]&amp#27;[0m Reconnecting adb (target offline)
&amp#27;[38;5;48m[ADB]&amp#27;[0m Running 'C:\Users\moham\AppData\Local\Android\Sdk\platform-tools\adb.exe -P 5037 reconnect offline'
&amp#27;[38;5;48m[ADB]&amp#27;[0m Getting connected devices
&amp#27;[38;5;48m[ADB]&amp#27;[0m No connected devices have been detected
&amp#27;[38;5;48m[ADB]&amp#27;[0m Could not find online devices
&amp#27;[38;5;48m[ADB]&amp#27;[0m Reconnecting adb (target offline)
&amp#27;[38;5;48m[ADB]&amp#27;[0m Running 'C:\Users\moham\AppData\Local\Android\Sdk\platform-tools\adb.exe -P 5037 reconnect offline'
&amp#27;[38;5;48m[ADB]&amp#27;[0m Getting connected devices
&amp#27;[38;5;48m[ADB]&amp#27;[0m No connected devices have been detected
&amp#27;[38;5;48m[ADB]&amp#27;[0m Could not find online devices
&amp#27;[38;5;48m[ADB]&amp#27;[0m Reconnecting adb (target offline)
&amp#27;[38;5;48m[ADB]&amp#27;[0m Running 'C:\Users\moham\AppData\Local\Android\Sdk\platform-tools\adb.exe -P 5037 reconnect offline'
&amp#27;[38;5;48m[ADB]&amp#27;[0m Getting connected devices
&amp#27;[38;5;48m[ADB]&amp#27;[0m No connected devices have been detected
&amp#27;[38;5;48m[ADB]&amp#27;[0m Could not find online devices
&amp#27;[38;5;48m[ADB]&amp#27;[0m Reconnecting adb (target offline)
&amp#27;[38;5;48m[ADB]&amp#27;[0m Running 'C:\Users\moham\AppData\Local\Android\Sdk\platform-tools\adb.exe -P 5037 reconnect offline'
&amp#27;[38;5;48m[ADB]&amp#27;[0m Getting connected devices
&amp#27;[38;5;48m[ADB]&amp#27;[0m No connected devices have been detected
&amp#27;[38;5;48m[ADB]&amp#27;[0m Could not find online devices
&amp#27;[38;5;48m[ADB]&amp#27;[0m Reconnecting adb (target offline)
&amp#27;[38;5;48m[ADB]&amp#27;[0m Running 'C:\Users\moham\AppData\Local\Android\Sdk\platform-tools\adb.exe -P 5037 reconnect offline'
&amp#27;[38;5;48m[ADB]&amp#27;[0m Getting connected devices
&amp#27;[38;5;48m[ADB]&amp#27;[0m No connected devices have been detected
&amp#27;[38;5;48m[ADB]&amp#27;[0m Could not find online devices
&amp#27;[38;5;48m[ADB]&amp#27;[0m Reconnecting adb (target offline)
&amp#27;[38;5;48m[ADB]&amp#27;[0m Running 'C:\Users\moham\AppData\Local\Android\Sdk\platform-tools\adb.exe -P 5037 reconnect offline'
&amp#27;[38;5;48m[ADB]&amp#27;[0m Getting connected devices
&amp#27;[38;5;48m[ADB]&amp#27;[0m No connected devices have been detected
&amp#27;[38;5;48m[ADB]&amp#27;[0m Could not find online devices
&amp#27;[38;5;48m[ADB]&amp#27;[0m Reconnecting adb (target offline)
&amp#27;[38;5;48m[ADB]&amp#27;[0m Running 'C:\Users\moham\AppData\Local\Android\Sdk\platform-tools\adb.exe -P 5037 reconnect offline'
&amp#27;[38;5;48m[ADB]&amp#27;[0m Getting connected devices
&amp#27;[38;5;48m[ADB]&amp#27;[0m No connected devices have been detected
&amp#27;[38;5;48m[ADB]&amp#27;[0m Could not find online devices
&amp#27;[38;5;48m[ADB]&amp#27;[0m Reconnecting adb (target offline)
&amp#27;[38;5;48m[ADB]&amp#27;[0m Running 'C:\Users\moham\AppData\Local\Android\Sdk\platform-tools\adb.exe -P 5037 reconnect offline'
&amp#27;[38;5;48m[ADB]&amp#27;[0m Getting connected devices
&amp#27;[38;5;48m[ADB]&amp#27;[0m No connected devices have been detected
&amp#27;[38;5;48m[ADB]&amp#27;[0m Could not find online devices
&amp#27;[38;5;48m[ADB]&amp#27;[0m Reconnecting adb (target offline)
&amp#27;[38;5;48m[ADB]&amp#27;[0m Running 'C:\Users\moham\AppData\Local\Android\Sdk\platform-tools\adb.exe -P 5037 reconnect offline'
&amp#27;[38;5;48m[ADB]&amp#27;[0m Getting connected devices
&amp#27;[38;5;48m[ADB]&amp#27;[0m No connected devices have been detected
&amp#27;[38;5;48m[ADB]&amp#27;[0m Could not find online devices
&amp#27;[38;5;48m[ADB]&amp#27;[0m Reconnecting adb (target offline)
&amp#27;[38;5;48m[ADB]&amp#27;[0m Running 'C:\Users\moham\AppData\Local\Android\Sdk\platform-tools\adb.exe -P 5037 reconnect offline'
&amp#27;[38;5;48m[ADB]&amp#27;[0m Getting connected devices
&amp#27;[38;5;48m[ADB]&amp#27;[0m No connected devices have been detected
&amp#27;[38;5;48m[ADB]&amp#27;[0m Could not find online devices
&amp#27;[38;5;48m[ADB]&amp#27;[0m Reconnecting adb (target offline)
&amp#27;[38;5;48m[ADB]&amp#27;[0m Running 'C:\Users\moham\AppData\Local\Android\Sdk\platform-tools\adb.exe -P 5037 reconnect offline'
&amp#27;[38;5;48m[ADB]&amp#27;[0m Getting connected devices
&amp#27;[38;5;48m[ADB]&amp#27;[0m No connected devices have been detected
&amp#27;[38;5;48m[ADB]&amp#27;[0m Could not find online devices
&amp#27;[38;5;48m[ADB]&amp#27;[0m Reconnecting adb (target offline)
&amp#27;[38;5;48m[ADB]&amp#27;[0m Running 'C:\Users\moham\AppData\Local\Android\Sdk\platform-tools\adb.exe -P 5037 reconnect offline'
&amp#27;[38;5;48m[ADB]&amp#27;[0m Getting connected devices
&amp#27;[38;5;48m[ADB]&amp#27;[0m No connected devices have been detected
&amp#27;[38;5;48m[ADB]&amp#27;[0m Could not find online devices
&amp#27;[38;5;48m[ADB]&amp#27;[0m Reconnecting adb (target offline)
&amp#27;[38;5;48m[ADB]&amp#27;[0m Running 'C:\Users\moham\AppData\Local\Android\Sdk\platform-tools\adb.exe -P 5037 reconnect offline'
&amp#27;[38;5;48m[ADB]&amp#27;[0m Getting connected devices
&amp#27;[38;5;48m[ADB]&amp#27;[0m No connected devices have been detected
&amp#27;[38;5;48m[ADB]&amp#27;[0m Could not find online devices
&amp#27;[38;5;48m[ADB]&amp#27;[0m Reconnecting adb (target offline)
&amp#27;[38;5;48m[ADB]&amp#27;[0m Running 'C:\Users\moham\AppData\Local\Android\Sdk\platform-tools\adb.exe -P 5037 reconnect offline'
&amp#27;[38;5;48m[ADB]&amp#27;[0m Getting connected devices
&amp#27;[38;5;48m[ADB]&amp#27;[0m No connected devices have been detected
&amp#27;[38;5;48m[ADB]&amp#27;[0m Could not find online devices
&amp#27;[38;5;48m[ADB]&amp#27;[0m Reconnecting adb (target offline)
&amp#27;[38;5;48m[ADB]&amp#27;[0m Running 'C:\Users\moham\AppData\Local\Android\Sdk\platform-tools\adb.exe -P 5037 reconnect offline'
&amp#27;[38;5;48m[ADB]&amp#27;[0m Getting connected devices
&amp#27;[38;5;48m[ADB]&amp#27;[0m No connected devices have been detected
&amp#27;[38;5;48m[ADB]&amp#27;[0m Could not find online devices
&amp#27;[38;5;48m[ADB]&amp#27;[0m Reconnecting adb (target offline)
&amp#27;[38;5;48m[ADB]&amp#27;[0m Running 'C:\Users\moham\AppData\Local\Android\Sdk\platform-tools\adb.exe -P 5037 reconnect offline'
&amp#27;[38;5;48m[ADB]&amp#27;[0m Getting connected devices
&amp#27;[38;5;48m[ADB]&amp#27;[0m No connected devices have been detected
&amp#27;[38;5;48m[ADB]&amp#27;[0m Could not find online devices
&amp#27;[38;5;48m[ADB]&amp#27;[0m Reconnecting adb (target offline)
&amp#27;[38;5;48m[ADB]&amp#27;[0m Running 'C:\Users\moham\AppData\Local\Android\Sdk\platform-tools\adb.exe -P 5037 reconnect offline'
&amp#27;[38;5;48m[ADB]&amp#27;[0m Getting connected devices
&amp#27;[38;5;48m[ADB]&amp#27;[0m No connected devices have been detected
&amp#27;[38;5;48m[ADB]&amp#27;[0m Could not find online devices
&amp#27;[38;5;48m[ADB]&amp#27;[0m Reconnecting adb (target offline)
&amp#27;[38;5;48m[ADB]&amp#27;[0m Running 'C:\Users\moham\AppData\Local\Android\Sdk\platform-tools\adb.exe -P 5037 reconnect offline'
&amp#27;[38;5;48m[ADB]&amp#27;[0m Getting connected devices
&amp#27;[38;5;48m[ADB]&amp#27;[0m No connected devices have been detected
&amp#27;[38;5;48m[ADB]&amp#27;[0m Could not find online devices
&amp#27;[38;5;48m[ADB]&amp#27;[0m Reconnecting adb (target offline)
&amp#27;[38;5;48m[ADB]&amp#27;[0m Running 'C:\Users\moham\AppData\Local\Android\Sdk\platform-tools\adb.exe -P 5037 reconnect offline'
&amp#27;[38;5;48m[ADB]&amp#27;[0m Getting connected devices
&amp#27;[38;5;48m[ADB]&amp#27;[0m No connected devices have been detected
&amp#27;[38;5;48m[ADB]&amp#27;[0m Could not find online devices
&amp#27;[38;5;48m[ADB]&amp#27;[0m Reconnecting adb (target offline)
&amp#27;[38;5;48m[ADB]&amp#27;[0m Running 'C:\Users\moham\AppData\Local\Android\Sdk\platform-tools\adb.exe -P 5037 reconnect offline'
&amp#27;[38;5;48m[ADB]&amp#27;[0m Getting connected devices
&amp#27;[38;5;48m[ADB]&amp#27;[0m No connected devices have been detected
&amp#27;[38;5;48m[ADB]&amp#27;[0m Could not find online devices
&amp#27;[38;5;48m[ADB]&amp#27;[0m Reconnecting adb (target offline)
&amp#27;[38;5;48m[ADB]&amp#27;[0m Running 'C:\Users\moham\AppData\Local\Android\Sdk\platform-tools\adb.exe -P 5037 reconnect offline'
&amp#27;[38;5;48m[ADB]&amp#27;[0m Getting connected devices
&amp#27;[38;5;48m[ADB]&amp#27;[0m No connected devices have been detected
&amp#27;[38;5;48m[ADB]&amp#27;[0m Could not find online devices
&amp#27;[38;5;48m[ADB]&amp#27;[0m Reconnecting adb (target offline)
&amp#27;[38;5;48m[ADB]&amp#27;[0m Running 'C:\Users\moham\AppData\Local\Android\Sdk\platform-tools\adb.exe -P 5037 reconnect offline'
&amp#27;[38;5;48m[ADB]&amp#27;[0m Getting connected devices
&amp#27;[38;5;48m[ADB]&amp#27;[0m No connected devices have been detected
&amp#27;[38;5;48m[ADB]&amp#27;[0m Could not find online devices
&amp#27;[38;5;48m[ADB]&amp#27;[0m Reconnecting adb (target offline)
&amp#27;[38;5;48m[ADB]&amp#27;[0m Running 'C:\Users\moham\AppData\Local\Android\Sdk\platform-tools\adb.exe -P 5037 reconnect offline'
&amp#27;[38;5;48m[ADB]&amp#27;[0m Getting connected devices
&amp#27;[38;5;48m[ADB]&amp#27;[0m No connected devices have been detected
&amp#27;[38;5;48m[ADB]&amp#27;[0m Could not find online devices
&amp#27;[38;5;48m[ADB]&amp#27;[0m Reconnecting adb (target offline)
&amp#27;[38;5;48m[ADB]&amp#27;[0m Running 'C:\Users\moham\AppData\Local\Android\Sdk\platform-tools\adb.exe -P 5037 reconnect offline'
&amp#27;[38;5;48m[ADB]&amp#27;[0m Getting connected devices
&amp#27;[38;5;48m[ADB]&amp#27;[0m No connected devices have been detected
&amp#27;[38;5;48m[ADB]&amp#27;[0m Could not find online devices
&amp#27;[38;5;48m[ADB]&amp#27;[0m Reconnecting adb (target offline)
&amp#27;[38;5;48m[ADB]&amp#27;[0m Running 'C:\Users\moham\AppData\Local\Android\Sdk\platform-tools\adb.exe -P 5037 reconnect offline'
&amp#27;[38;5;48m[ADB]&amp#27;[0m Getting connected devices
&amp#27;[38;5;48m[ADB]&amp#27;[0m No connected devices have been detected
&amp#27;[38;5;48m[ADB]&amp#27;[0m Could not find online devices
&amp#27;[38;5;48m[ADB]&amp#27;[0m Reconnecting adb (target offline)
&amp#27;[38;5;48m[ADB]&amp#27;[0m Running 'C:\Users\moham\AppData\Local\Android\Sdk\platform-tools\adb.exe -P 5037 reconnect offline'
&amp#27;[38;5;48m[ADB]&amp#27;[0m Getting connected devices
&amp#27;[38;5;48m[ADB]&amp#27;[0m No connected devices have been detected
&amp#27;[38;5;48m[ADB]&amp#27;[0m Could not find online devices
&amp#27;[38;5;48m[ADB]&amp#27;[0m Reconnecting adb (target offline)
&amp#27;[38;5;48m[ADB]&amp#27;[0m Running 'C:\Users\moham\AppData\Local\Android\Sdk\platform-tools\adb.exe -P 5037 reconnect offline'
&amp#27;[38;5;48m[ADB]&amp#27;[0m Getting connected devices
&amp#27;[38;5;48m[ADB]&amp#27;[0m No connected devices have been detected
&amp#27;[38;5;48m[ADB]&amp#27;[0m Could not find online devices
&amp#27;[38;5;48m[ADB]&amp#27;[0m Reconnecting adb (target offline)
&amp#27;[38;5;48m[ADB]&amp#27;[0m Running 'C:\Users\moham\AppData\Local\Android\Sdk\platform-tools\adb.exe -P 5037 reconnect offline'
&amp#27;[38;5;48m[ADB]&amp#27;[0m Getting connected devices
&amp#27;[38;5;48m[ADB]&amp#27;[0m No connected devices have been detected
&amp#27;[38;5;48m[ADB]&amp#27;[0m Could not find online devices
&amp#27;[38;5;48m[ADB]&amp#27;[0m Reconnecting adb (target offline)
&amp#27;[38;5;48m[ADB]&amp#27;[0m Running 'C:\Users\moham\AppData\Local\Android\Sdk\platform-tools\adb.exe -P 5037 reconnect offline'
&amp#27;[38;5;48m[ADB]&amp#27;[0m Getting connected devices
&amp#27;[38;5;48m[ADB]&amp#27;[0m No connected devices have been detected
&amp#27;[38;5;48m[ADB]&amp#27;[0m Could not find online devices
&amp#27;[38;5;48m[ADB]&amp#27;[0m Reconnecting adb (target offline)
&amp#27;[38;5;48m[ADB]&amp#27;[0m Running 'C:\Users\moham\AppData\Local\Android\Sdk\platform-tools\adb.exe -P 5037 reconnect offline'
&amp#27;[38;5;48m[ADB]&amp#27;[0m Getting connected devices
&amp#27;[38;5;48m[ADB]&amp#27;[0m No connected devices have been detected
&amp#27;[38;5;48m[ADB]&amp#27;[0m Could not find online devices
&amp#27;[38;5;48m[ADB]&amp#27;[0m Reconnecting adb (target offline)
&amp#27;[38;5;48m[ADB]&amp#27;[0m Running 'C:\Users\moham\AppData\Local\Android\Sdk\platform-tools\adb.exe -P 5037 reconnect offline'
&amp#27;[38;5;48m[ADB]&amp#27;[0m Getting connected devices
&amp#27;[38;5;48m[ADB]&amp#27;[0m No connected devices have been detected
&amp#27;[38;5;48m[ADB]&amp#27;[0m Could not find online devices
&amp#27;[38;5;48m[ADB]&amp#27;[0m Reconnecting adb (target offline)
&amp#27;[38;5;48m[ADB]&amp#27;[0m Running 'C:\Users\moham\AppData\Local\Android\Sdk\platform-tools\adb.exe -P 5037 reconnect offline'
&amp#27;[38;5;48m[ADB]&amp#27;[0m Getting connected devices
&amp#27;[38;5;48m[ADB]&amp#27;[0m No connected devices have been detected
&amp#27;[38;5;48m[ADB]&amp#27;[0m Could not find online devices
&amp#27;[38;5;48m[ADB]&amp#27;[0m Reconnecting adb (target offline)
&amp#27;[38;5;48m[ADB]&amp#27;[0m Running 'C:\Users\moham\AppData\Local\Android\Sdk\platform-tools\adb.exe -P 5037 reconnect offline'
&amp#27;[38;5;48m[ADB]&amp#27;[0m Getting connected devices
&amp#27;[38;5;48m[ADB]&amp#27;[0m No connected devices have been detected
&amp#27;[38;5;48m[ADB]&amp#27;[0m Could not find online devices
&amp#27;[38;5;48m[ADB]&amp#27;[0m Reconnecting adb (target offline)
&amp#27;[38;5;48m[ADB]&amp#27;[0m Running 'C:\Users\moham\AppData\Local\Android\Sdk\platform-tools\adb.exe -P 5037 reconnect offline'
&amp#27;[38;5;48m[ADB]&amp#27;[0m Getting connected devices
&amp#27;[38;5;48m[ADB]&amp#27;[0m No connected devices have been detected
&amp#27;[38;5;48m[ADB]&amp#27;[0m Could not find online devices
&amp#27;[38;5;48m[ADB]&amp#27;[0m Reconnecting adb (target offline)
&amp#27;[38;5;48m[ADB]&amp#27;[0m Running 'C:\Users\moham\AppData\Local\Android\Sdk\platform-tools\adb.exe -P 5037 reconnect offline'
&amp#27;[38;5;48m[ADB]&amp#27;[0m Getting connected devices
&amp#27;[38;5;48m[ADB]&amp#27;[0m No connected devices have been detected
&amp#27;[38;5;48m[ADB]&amp#27;[0m Could not find online devices
&amp#27;[38;5;48m[ADB]&amp#27;[0m Reconnecting adb (target offline)
&amp#27;[38;5;48m[ADB]&amp#27;[0m Running 'C:\Users\moham\AppData\Local\Android\Sdk\platform-tools\adb.exe -P 5037 reconnect offline'
&amp#27;[38;5;48m[ADB]&amp#27;[0m Getting connected devices
&amp#27;[38;5;48m[ADB]&amp#27;[0m No connected devices have been detected
&amp#27;[38;5;48m[ADB]&amp#27;[0m Could not find online devices
&amp#27;[38;5;48m[ADB]&amp#27;[0m Reconnecting adb (target offline)
&amp#27;[38;5;48m[ADB]&amp#27;[0m Running 'C:\Users\moham\AppData\Local\Android\Sdk\platform-tools\adb.exe -P 5037 reconnect offline'
&amp#27;[38;5;48m[ADB]&amp#27;[0m Getting connected devices
&amp#27;[38;5;48m[ADB]&amp#27;[0m No connected devices have been detected
&amp#27;[38;5;48m[ADB]&amp#27;[0m Could not find online devices
&amp#27;[38;5;48m[ADB]&amp#27;[0m Reconnecting adb (target offline)
&amp#27;[38;5;48m[ADB]&amp#27;[0m Running 'C:\Users\moham\AppData\Local\Android\Sdk\platform-tools\adb.exe -P 5037 reconnect offline'
&amp#27;[38;5;48m[ADB]&amp#27;[0m Getting connected devices
&amp#27;[38;5;48m[ADB]&amp#27;[0m No connected devices have been detected
&amp#27;[38;5;48m[ADB]&amp#27;[0m Could not find online devices
&amp#27;[38;5;48m[ADB]&amp#27;[0m Reconnecting adb (target offline)
&amp#27;[38;5;48m[ADB]&amp#27;[0m Running 'C:\Users\moham\AppData\Local\Android\Sdk\platform-tools\adb.exe -P 5037 reconnect offline'
&amp#27;[38;5;48m[ADB]&amp#27;[0m Getting connected devices
&amp#27;[38;5;48m[ADB]&amp#27;[0m No connected devices have been detected
&amp#27;[38;5;48m[ADB]&amp#27;[0m Could not find online devices
&amp#27;[38;5;48m[ADB]&amp#27;[0m Reconnecting adb (target offline)
&amp#27;[38;5;48m[ADB]&amp#27;[0m Running 'C:\Users\moham\AppData\Local\Android\Sdk\platform-tools\adb.exe -P 5037 reconnect offline'
&amp#27;[38;5;48m[ADB]&amp#27;[0m Getting connected devices
&amp#27;[38;5;48m[ADB]&amp#27;[0m No connected devices have been detected
&amp#27;[38;5;48m[ADB]&amp#27;[0m Could not find online devices
&amp#27;[38;5;48m[ADB]&amp#27;[0m Reconnecting adb (target offline)
&amp#27;[38;5;48m[ADB]&amp#27;[0m Running 'C:\Users\moham\AppData\Local\Android\Sdk\platform-tools\adb.exe -P 5037 reconnect offline'
&amp#27;[38;5;48m[ADB]&amp#27;[0m Getting connected devices
&amp#27;[38;5;48m[ADB]&amp#27;[0m No connected devices have been detected
&amp#27;[38;5;48m[ADB]&amp#27;[0m Could not find online devices
&amp#27;[38;5;48m[ADB]&amp#27;[0m Reconnecting adb (target offline)
&amp#27;[38;5;48m[ADB]&amp#27;[0m Running 'C:\Users\moham\AppData\Local\Android\Sdk\platform-tools\adb.exe -P 5037 reconnect offline'
&amp#27;[38;5;48m[ADB]&amp#27;[0m Getting connected devices
&amp#27;[38;5;48m[ADB]&amp#27;[0m No connected devices have been detected
&amp#27;[38;5;48m[ADB]&amp#27;[0m Could not find online devices
&amp#27;[38;5;48m[ADB]&amp#27;[0m Reconnecting adb (target offline)
&amp#27;[38;5;48m[ADB]&amp#27;[0m Running 'C:\Users\moham\AppData\Local\Android\Sdk\platform-tools\adb.exe -P 5037 reconnect offline'
&amp#27;[38;5;48m[ADB]&amp#27;[0m Getting connected devices
&amp#27;[38;5;48m[ADB]&amp#27;[0m No connected devices have been detected
&amp#27;[38;5;48m[ADB]&amp#27;[0m Could not find online devices
&amp#27;[38;5;48m[ADB]&amp#27;[0m Reconnecting adb (target offline)
&amp#27;[38;5;48m[ADB]&amp#27;[0m Running 'C:\Users\moham\AppData\Local\Android\Sdk\platform-tools\adb.exe -P 5037 reconnect offline'
&amp#27;[38;5;48m[ADB]&amp#27;[0m Getting connected devices
&amp#27;[38;5;48m[ADB]&amp#27;[0m No connected devices have been detected
&amp#27;[38;5;48m[ADB]&amp#27;[0m Could not find online devices
&amp#27;[38;5;48m[ADB]&amp#27;[0m Reconnecting adb (target offline)
&amp#27;[38;5;48m[ADB]&amp#27;[0m Running 'C:\Users\moham\AppData\Local\Android\Sdk\platform-tools\adb.exe -P 5037 reconnect offline'
&amp#27;[38;5;48m[ADB]&amp#27;[0m Getting connected devices
&amp#27;[38;5;48m[ADB]&amp#27;[0m No connected devices have been detected
&amp#27;[38;5;48m[ADB]&amp#27;[0m Could not find online devices
&amp#27;[38;5;48m[ADB]&amp#27;[0m Reconnecting adb (target offline)
&amp#27;[38;5;48m[ADB]&amp#27;[0m Running 'C:\Users\moham\AppData\Local\Android\Sdk\platform-tools\adb.exe -P 5037 reconnect offline'
&amp#27;[38;5;48m[ADB]&amp#27;[0m Getting connected devices
&amp#27;[38;5;48m[ADB]&amp#27;[0m No connected devices have been detected
&amp#27;[38;5;48m[ADB]&amp#27;[0m Could not find online devices
&amp#27;[38;5;48m[ADB]&amp#27;[0m Reconnecting adb (target offline)
&amp#27;[38;5;48m[ADB]&amp#27;[0m Running 'C:\Users\moham\AppData\Local\Android\Sdk\platform-tools\adb.exe -P 5037 reconnect offline'
&amp#27;[38;5;48m[ADB]&amp#27;[0m Getting connected devices
&amp#27;[38;5;48m[ADB]&amp#27;[0m No connected devices have been detected
&amp#27;[38;5;48m[ADB]&amp#27;[0m Could not find online devices
&amp#27;[38;5;48m[ADB]&amp#27;[0m Reconnecting adb (target offline)
&amp#27;[38;5;48m[ADB]&amp#27;[0m Running 'C:\Users\moham\AppData\Local\Android\Sdk\platform-tools\adb.exe -P 5037 reconnect offline'
&amp#27;[38;5;48m[ADB]&amp#27;[0m Getting connected devices
&amp#27;[38;5;48m[ADB]&amp#27;[0m No connected devices have been detected
&amp#27;[38;5;48m[ADB]&amp#27;[0m Could not find online devices
&amp#27;[38;5;48m[ADB]&amp#27;[0m Reconnecting adb (target offline)
&amp#27;[38;5;48m[ADB]&amp#27;[0m Running 'C:\Users\moham\AppData\Local\Android\Sdk\platform-tools\adb.exe -P 5037 reconnect offline'
&amp#27;[38;5;48m[ADB]&amp#27;[0m Getting connected devices
&amp#27;[38;5;48m[ADB]&amp#27;[0m No connected devices have been detected
&amp#27;[38;5;48m[ADB]&amp#27;[0m Could not find online devices
&amp#27;[38;5;48m[ADB]&amp#27;[0m Reconnecting adb (target offline)
&amp#27;[38;5;48m[ADB]&amp#27;[0m Running 'C:\Users\moham\AppData\Local\Android\Sdk\platform-tools\adb.exe -P 5037 reconnect offline'
&amp#27;[38;5;48m[ADB]&amp#27;[0m Getting connected devices
&amp#27;[38;5;48m[ADB]&amp#27;[0m No connected devices have been detected
&amp#27;[38;5;48m[ADB]&amp#27;[0m Could not find online devices
&amp#27;[38;5;48m[ADB]&amp#27;[0m Reconnecting adb (target offline)
&amp#27;[38;5;48m[ADB]&amp#27;[0m Running 'C:\Users\moham\AppData\Local\Android\Sdk\platform-tools\adb.exe -P 5037 reconnect offline'
&amp#27;[38;5;48m[ADB]&amp#27;[0m Getting connected devices
&amp#27;[38;5;48m[ADB]&amp#27;[0m No connected devices have been detected
&amp#27;[38;5;48m[ADB]&amp#27;[0m Could not find online devices
&amp#27;[38;5;48m[ADB]&amp#27;[0m Reconnecting adb (target offline)
&amp#27;[38;5;48m[ADB]&amp#27;[0m Running 'C:\Users\moham\AppData\Local\Android\Sdk\platform-tools\adb.exe -P 5037 reconnect offline'
&amp#27;[38;5;48m[ADB]&amp#27;[0m Getting connected devices
&amp#27;[38;5;48m[ADB]&amp#27;[0m No connected devices have been detected
&amp#27;[38;5;48m[ADB]&amp#27;[0m Could not find online devices
&amp#27;[38;5;48m[ADB]&amp#27;[0m Reconnecting adb (target offline)
&amp#27;[38;5;48m[ADB]&amp#27;[0m Running 'C:\Users\moham\AppData\Local\Android\Sdk\platform-tools\adb.exe -P 5037 reconnect offline'
&amp#27;[38;5;48m[ADB]&amp#27;[0m Getting connected devices
&amp#27;[38;5;48m[ADB]&amp#27;[0m No connected devices have been detected
&amp#27;[38;5;48m[ADB]&amp#27;[0m Could not find online devices
&amp#27;[38;5;48m[ADB]&amp#27;[0m Reconnecting adb (target offline)
&amp#27;[38;5;48m[ADB]&amp#27;[0m Running 'C:\Users\moham\AppData\Local\Android\Sdk\platform-tools\adb.exe -P 5037 reconnect offline'
&amp#27;[38;5;48m[ADB]&amp#27;[0m Getting connected devices
&amp#27;[38;5;48m[ADB]&amp#27;[0m No connected devices have been detected
&amp#27;[38;5;48m[ADB]&amp#27;[0m Could not find online devices
&amp#27;[38;5;48m[ADB]&amp#27;[0m Reconnecting adb (target offline)
&amp#27;[38;5;48m[ADB]&amp#27;[0m Running 'C:\Users\moham\AppData\Local\Android\Sdk\platform-tools\adb.exe -P 5037 reconnect offline'
&amp#27;[38;5;48m[ADB]&amp#27;[0m Getting connected devices
&amp#27;[38;5;48m[ADB]&amp#27;[0m No connected devices have been detected
&amp#27;[38;5;48m[ADB]&amp#27;[0m Could not find online devices
&amp#27;[38;5;48m[ADB]&amp#27;[0m Reconnecting adb (target offline)
&amp#27;[38;5;48m[ADB]&amp#27;[0m Running 'C:\Users\moham\AppData\Local\Android\Sdk\platform-tools\adb.exe -P 5037 reconnect offline'
&amp#27;[38;5;48m[ADB]&amp#27;[0m Getting connected devices
&amp#27;[38;5;48m[ADB]&amp#27;[0m No connected devices have been detected
&amp#27;[38;5;48m[ADB]&amp#27;[0m Could not find online devices
&amp#27;[38;5;48m[ADB]&amp#27;[0m Reconnecting adb (target offline)
&amp#27;[38;5;48m[ADB]&amp#27;[0m Running 'C:\Users\moham\AppData\Local\Android\Sdk\platform-tools\adb.exe -P 5037 reconnect offline'
&amp#27;[38;5;48m[ADB]&amp#27;[0m Getting connected devices
&amp#27;[38;5;48m[ADB]&amp#27;[0m No connected devices have been detected
&amp#27;[38;5;48m[ADB]&amp#27;[0m Could not find online devices
&amp#27;[38;5;48m[ADB]&amp#27;[0m Reconnecting adb (target offline)
&amp#27;[38;5;48m[ADB]&amp#27;[0m Running 'C:\Users\moham\AppData\Local\Android\Sdk\platform-tools\adb.exe -P 5037 reconnect offline'
&amp#27;[38;5;48m[ADB]&amp#27;[0m Getting connected devices
&amp#27;[38;5;48m[ADB]&amp#27;[0m No connected devices have been detected
&amp#27;[38;5;48m[ADB]&amp#27;[0m Could not find online devices
&amp#27;[38;5;48m[ADB]&amp#27;[0m Reconnecting adb (target offline)
&amp#27;[38;5;48m[ADB]&amp#27;[0m Running 'C:\Users\moham\AppData\Local\Android\Sdk\platform-tools\adb.exe -P 5037 reconnect offline'
&amp#27;[38;5;48m[ADB]&amp#27;[0m Getting connected devices
&amp#27;[38;5;48m[ADB]&amp#27;[0m No connected devices have been detected
&amp#27;[38;5;48m[ADB]&amp#27;[0m Could not find online devices
&amp#27;[38;5;48m[ADB]&amp#27;[0m Reconnecting adb (target offline)
&amp#27;[38;5;48m[ADB]&amp#27;[0m Running 'C:\Users\moham\AppData\Local\Android\Sdk\platform-tools\adb.exe -P 5037 reconnect offline'
&amp#27;[38;5;48m[ADB]&amp#27;[0m Getting connected devices
&amp#27;[38;5;48m[ADB]&amp#27;[0m No connected devices have been detected
&amp#27;[38;5;48m[ADB]&amp#27;[0m Could not find online devices
&amp#27;[38;5;48m[ADB]&amp#27;[0m Reconnecting adb (target offline)
&amp#27;[38;5;48m[ADB]&amp#27;[0m Running 'C:\Users\moham\AppData\Local\Android\Sdk\platform-tools\adb.exe -P 5037 reconnect offline'
&amp#27;[38;5;48m[ADB]&amp#27;[0m Getting connected devices
&amp#27;[38;5;48m[ADB]&amp#27;[0m No connected devices have been detected
&amp#27;[38;5;48m[ADB]&amp#27;[0m Could not find online devices
&amp#27;[38;5;48m[ADB]&amp#27;[0m Reconnecting adb (target offline)
&amp#27;[38;5;48m[ADB]&amp#27;[0m Running 'C:\Users\moham\AppData\Local\Android\Sdk\platform-tools\adb.exe -P 5037 reconnect offline'
&amp#27;[38;5;48m[ADB]&amp#27;[0m Getting connected devices
&amp#27;[38;5;48m[ADB]&amp#27;[0m No connected devices have been detected
&amp#27;[38;5;48m[ADB]&amp#27;[0m Could not find online devices
&amp#27;[38;5;48m[ADB]&amp#27;[0m Reconnecting adb (target offline)
&amp#27;[38;5;48m[ADB]&amp#27;[0m Running 'C:\Users\moham\AppData\Local\Android\Sdk\platform-tools\adb.exe -P 5037 reconnect offline'
&amp#27;[38;5;48m[ADB]&amp#27;[0m Getting connected devices
&amp#27;[38;5;48m[ADB]&amp#27;[0m No connected devices have been detected
&amp#27;[38;5;48m[ADB]&amp#27;[0m Could not find online devices
&amp#27;[38;5;48m[ADB]&amp#27;[0m Reconnecting adb (target offline)
&amp#27;[38;5;48m[ADB]&amp#27;[0m Running 'C:\Users\moham\AppData\Local\Android\Sdk\platform-tools\adb.exe -P 5037 reconnect offline'
&amp#27;[38;5;48m[ADB]&amp#27;[0m Getting connected devices
&amp#27;[38;5;48m[ADB]&amp#27;[0m No connected devices have been detected
&amp#27;[38;5;48m[ADB]&amp#27;[0m Could not find online devices
&amp#27;[38;5;48m[ADB]&amp#27;[0m Reconnecting adb (target offline)
&amp#27;[38;5;48m[ADB]&amp#27;[0m Running 'C:\Users\moham\AppData\Local\Android\Sdk\platform-tools\adb.exe -P 5037 reconnect offline'
&amp#27;[38;5;48m[ADB]&amp#27;[0m Getting connected devices
&amp#27;[38;5;48m[ADB]&amp#27;[0m No connected devices have been detected
&amp#27;[38;5;48m[ADB]&amp#27;[0m Could not find online devices
&amp#27;[38;5;48m[ADB]&amp#27;[0m Reconnecting adb (target offline)
&amp#27;[38;5;48m[ADB]&amp#27;[0m Running 'C:\Users\moham\AppData\Local\Android\Sdk\platform-tools\adb.exe -P 5037 reconnect offline'
&amp#27;[38;5;48m[ADB]&amp#27;[0m Getting connected devices
&amp#27;[38;5;48m[ADB]&amp#27;[0m No connected devices have been detected
&amp#27;[38;5;48m[ADB]&amp#27;[0m Could not find online devices
&amp#27;[38;5;48m[ADB]&amp#27;[0m Reconnecting adb (target offline)
&amp#27;[38;5;48m[ADB]&amp#27;[0m Running 'C:\Users\moham\AppData\Local\Android\Sdk\platform-tools\adb.exe -P 5037 reconnect offline'
&amp#27;[38;5;48m[ADB]&amp#27;[0m Getting connected devices
&amp#27;[38;5;48m[ADB]&amp#27;[0m No connected devices have been detected
&amp#27;[38;5;48m[ADB]&amp#27;[0m Could not find online devices
&amp#27;[38;5;48m[ADB]&amp#27;[0m Reconnecting adb (target offline)
&amp#27;[38;5;48m[ADB]&amp#27;[0m Running 'C:\Users\moham\AppData\Local\Android\Sdk\platform-tools\adb.exe -P 5037 reconnect offline'
&amp#27;[38;5;48m[ADB]&amp#27;[0m Getting connected devices
&amp#27;[38;5;48m[ADB]&amp#27;[0m No connected devices have been detected
&amp#27;[38;5;48m[ADB]&amp#27;[0m Could not find online devices
&amp#27;[38;5;48m[ADB]&amp#27;[0m Reconnecting adb (target offline)
&amp#27;[38;5;48m[ADB]&amp#27;[0m Running 'C:\Users\moham\AppData\Local\Android\Sdk\platform-tools\adb.exe -P 5037 reconnect offline'
&amp#27;[38;5;32m[AndroidUiautomator2Driver@ec9c (9ebb5428)]&amp#27;[0m Deleting UiAutomator2 session
&amp#27;[38;5;32m[AndroidUiautomator2Driver@ec9c (9ebb5428)]&amp#27;[0m Unable to stop ChromeDriver proxies: Cannot read properties of undefined (reading 'proxyReqRes')
&amp#27;[38;5;16m[AppiumDriver@4526]&amp#27;[0m Event 'newSessionStarted' logged at 1703365554694 (15:05:54 GMT-0600 (Central Standard Time))
&amp#27;[38;5;16m[AppiumDriver@4526]&amp#27;[0m Encountered internal error running command: Error: Could not find a connected Android device in 20000ms
&amp#27;[38;5;16m[AppiumDriver@4526]&amp#27;[0m     at ADB.getDevicesWithRetry (C:\Users\moham\.appium\node_modules\appium-uiautomator2-driver\node_modules\appium-adb\lib\tools\system-calls.js:332:13)
&amp#27;[38;5;16m[AppiumDriver@4526]&amp#27;[0m     at Object.getDeviceInfoFromCaps (C:\Users\moham\.appium\node_modules\appium-uiautomator2-driver\node_modules\appium-android-driver\lib\helpers\android.ts:380:23)
&amp#27;[38;5;16m[AppiumDriver@4526]&amp#27;[0m     at AndroidUiautomator2Driver.startUiAutomator2Session (C:\Users\moham\.appium\node_modules\appium-uiautomator2-driver\lib\driver.ts:424:28)
&amp#27;[38;5;16m[AppiumDriver@4526]&amp#27;[0m     at AndroidUiautomator2Driver.createSession (C:\Users\moham\.appium\node_modules\appium-uiautomator2-driver\lib\driver.ts:298:22)
&amp#27;[38;5;16m[AppiumDriver@4526]&amp#27;[0m     at AppiumDriver.createSession (C:\Users\moham\AppData\Roaming\npm\node_modules\appium\lib\appium.js:375:35)
&amp#27;[38;5;0m[HTTP]&amp#27;[0m &amp#27;[37m<-- POST /session &amp#27;[39m&amp#27;[31m500&amp#27;[39m &amp#27;[90m22360 ms - 670&amp#27;[39m
&amp#27;[38;5;0m[HTTP]&amp#27;[0m &amp#27;[90m&amp#27;[39m
]]></system-out>
    <system-err><![CDATA[SLF4J: No SLF4J providers were found.
SLF4J: Defaulting to no-operation (NOP) logger implementation
SLF4J: See https://www.slf4j.org/codes.html#noProviders for further details.
org.openqa.selenium.SessionNotCreatedException: Could not start a new session. Response code 500. Message: An unknown server-side error occurred while processing the command. Original error: Could not find a connected Android device in 20000ms 
Host info: host: 'DESKTOP-CEVIH8K', ip: '192.168.1.5'
Build info: version: '4.16.1', revision: '9b4c83354e'
System info: os.name: 'Windows 11', os.arch: 'amd64', os.version: '10.0', java.version: '11.0.16'
Driver info: io.appium.java_client.android.AndroidDriver
Command: [null, newSession {capabilities=[{browserName=Chrome, appium:chromedriverExecutable=C:\WebDrivers\chromedriver_win32\chromedriver.exe, appium:deviceName=Pixel2API29, platformName=ANDROID, appium:automationName=UIAutomator2, appium:mode=--incognito}], desiredCapabilities=Capabilities {appium:automationName: UIAutomator2, appium:chromedriverExecutable: C:\WebDrivers\chromedriver_..., appium:deviceName: Pixel2API29, appium:mode: --incognito, browserName: Chrome, platformName: ANDROID}}]
Capabilities {appium:automationName: UIAutomator2, appium:chromedriverExecutable: C:\WebDrivers\chromedriver_..., appium:deviceName: Pixel2API29, appium:mode: --incognito, browserName: Chrome, platformName: ANDROID}
	at org.openqa.selenium.remote.ProtocolHandshake.createSession(ProtocolHandshake.java:140)
	at java.base/jdk.internal.reflect.NativeMethodAccessorImpl.invoke0(Native Method)
	at java.base/jdk.internal.reflect.NativeMethodAccessorImpl.invoke(NativeMethodAccessorImpl.java:62)
	at java.base/jdk.internal.reflect.DelegatingMethodAccessorImpl.invoke(DelegatingMethodAccessorImpl.java:43)
	at java.base/java.lang.reflect.Method.invoke(Method.java:566)
	at io.appium.java_client.remote.AppiumProtocolHandshake.createSession(AppiumProtocolHandshake.java:133)
	at io.appium.java_client.remote.AppiumProtocolHandshake.createSession(AppiumProtocolHandshake.java:102)
	at io.appium.java_client.remote.AppiumCommandExecutor.createSession(AppiumCommandExecutor.java:177)
	at io.appium.java_client.remote.AppiumCommandExecutor.execute(AppiumCommandExecutor.java:238)
	at org.openqa.selenium.remote.RemoteWebDriver.execute(RemoteWebDriver.java:523)
	at io.appium.java_client.AppiumDriver.startSession(AppiumDriver.java:268)
	at org.openqa.selenium.remote.RemoteWebDriver.<init>(RemoteWebDriver.java:164)
	at io.appium.java_client.AppiumDriver.<init>(AppiumDriver.java:90)
	at io.appium.java_client.AppiumDriver.<init>(AppiumDriver.java:102)
	at io.appium.java_client.android.AndroidDriver.<init>(AndroidDriver.java:109)
	at org.selflearning.BrowserFactory.startUp(BrowserFactory.java:47)
	at java.base/jdk.internal.reflect.NativeMethodAccessorImpl.invoke0(Native Method)
	at java.base/jdk.internal.reflect.NativeMethodAccessorImpl.invoke(NativeMethodAccessorImpl.java:62)
	at java.base/jdk.internal.reflect.DelegatingMethodAccessorImpl.invoke(DelegatingMethodAccessorImpl.java:43)
	at java.base/java.lang.reflect.Method.invoke(Method.java:566)
	at org.testng.internal.MethodInvocationHelper.invokeMethod(MethodInvocationHelper.java:124)
	at org.testng.internal.MethodInvocationHelper.invokeMethodConsideringTimeout(MethodInvocationHelper.java:59)
	at org.testng.internal.Invoker.invokeConfigurationMethod(Invoker.java:458)
	at org.testng.internal.Invoker.invokeConfigurations(Invoker.java:222)
	at org.testng.internal.Invoker.invokeConfigurations(Invoker.java:142)
	at org.testng.internal.TestMethodWorker.invokeBeforeClassMethods(TestMethodWorker.java:168)
	at org.testng.internal.TestMethodWorker.run(TestMethodWorker.java:105)
	at org.testng.TestRunner.privateRun(TestRunner.java:648)
	at org.testng.TestRunner.run(TestRunner.java:505)
	at org.testng.SuiteRunner.runTest(SuiteRunner.java:455)
	at org.testng.SuiteRunner.runSequentially(SuiteRunner.java:450)
	at org.testng.SuiteRunner.privateRun(SuiteRunner.java:415)
	at org.testng.SuiteRunner.run(SuiteRunner.java:364)
	at org.testng.SuiteRunnerWorker.runSuite(SuiteRunnerWorker.java:52)
	at org.testng.SuiteRunnerWorker.run(SuiteRunnerWorker.java:84)
	at org.testng.TestNG.runSuitesSequentially(TestNG.java:1208)
	at org.testng.TestNG.runSuitesLocally(TestNG.java:1137)
	at org.testng.TestNG.runSuites(TestNG.java:1049)
	at org.testng.TestNG.run(TestNG.java:1017)
	at org.apache.maven.surefire.testng.TestNGExecutor.run(TestNGExecutor.java:135)
	at org.apache.maven.surefire.testng.TestNGDirectoryTestSuite.executeSingleClass(TestNGDirectoryTestSuite.java:112)
	at org.apache.maven.surefire.testng.TestNGDirectoryTestSuite.execute(TestNGDirectoryTestSuite.java:99)
	at org.apache.maven.surefire.testng.TestNGProvider.invoke(TestNGProvider.java:146)
	at org.apache.maven.surefire.booter.ForkedBooter.invokeProviderInSameClassLoader(ForkedBooter.java:384)
	at org.apache.maven.surefire.booter.ForkedBooter.runSuitesInProcess(ForkedBooter.java:345)
	at org.apache.maven.surefire.booter.ForkedBooter.execute(ForkedBooter.java:126)
	at org.apache.maven.surefire.booter.ForkedBooter.main(ForkedBooter.java:418)
]]></system-err>
  </testcase>
</testsuite>